2019/02/11 00:53:19 - pytest - [INFO] - 开始执行module: cases.test_unlock
2019/02/11 00:53:19 - pytest - [INFO] - 执行case: test_01
2019/02/11 00:53:21 - pytest - [INFO] - 定位元素信息：定位方式->xpath, value值->//android.widget.FrameLayout[1]/android.widget.LinearLayout[1]/android.widget.FrameLayout[1]/android.widget.FrameLayout[1]/android.widget.FrameLayout[1]/android.widget.RelativeLayout[1]/android.widget.RelativeLayout[1]/android.view.ViewGroup[1]/android.widget.ImageView[1]
2019/02/11 00:53:21 - pytest - [INFO] - 定位元素信息：定位方式->xpath, value值->//android.widget.FrameLayout[1]/android.widget.LinearLayout[1]/android.widget.FrameLayout[1]/android.widget.FrameLayout[1]/android.widget.FrameLayout[1]/android.widget.RelativeLayout[1]/android.widget.RelativeLayout[1]/android.view.ViewGroup[1]/android.widget.ImageView[4]
2019/02/11 00:53:21 - pytest - [INFO] - 定位元素信息：定位方式->xpath, value值->//android.widget.FrameLayout[1]/android.widget.LinearLayout[1]/android.widget.FrameLayout[1]/android.widget.FrameLayout[1]/android.widget.FrameLayout[1]/android.widget.RelativeLayout[1]/android.widget.RelativeLayout[1]/android.view.ViewGroup[1]/android.widget.ImageView[8]
2019/02/11 00:53:21 - pytest - [INFO] - 定位元素信息：定位方式->xpath, value值->//android.widget.FrameLayout[1]/android.widget.LinearLayout[1]/android.widget.FrameLayout[1]/android.widget.FrameLayout[1]/android.widget.FrameLayout[1]/android.widget.RelativeLayout[1]/android.widget.RelativeLayout[1]/android.view.ViewGroup[1]/android.widget.ImageView[6]
2019/02/11 00:53:21 - pytest - [INFO] - 定位元素信息：定位方式->xpath, value值->//android.widget.FrameLayout[1]/android.widget.LinearLayout[1]/android.widget.FrameLayout[1]/android.widget.FrameLayout[1]/android.widget.FrameLayout[1]/android.widget.RelativeLayout[1]/android.widget.RelativeLayout[1]/android.view.ViewGroup[1]/android.widget.ImageView[3]
2019/02/11 00:53:26 - pytest - [INFO] - 解锁九宫格：[<appium.webdriver.webelement.WebElement (session="91997765-54ba-4f53-8a21-d501b348fb71", element="366a77e5-8398-4067-a2bb-261f828d056b")>, <appium.webdriver.webelement.WebElement (session="91997765-54ba-4f53-8a21-d501b348fb71", element="1ea97fbc-81ae-49a9-858d-17580bfcfa69")>, <appium.webdriver.webelement.WebElement (session="91997765-54ba-4f53-8a21-d501b348fb71", element="01eb3fd0-c0bc-4fa3-9cfd-d1cb4239c7c8")>, <appium.webdriver.webelement.WebElement (session="91997765-54ba-4f53-8a21-d501b348fb71", element="6f32680d-6da8-4ea7-8f2e-773ca09eaf6d")>, <appium.webdriver.webelement.WebElement (session="91997765-54ba-4f53-8a21-d501b348fb71", element="b3f31f09-249a-44fd-b1ca-c6082eea95e5")>]
2019/02/11 00:53:31 - pytest - [INFO] - 结束执行case: test_01
2019/02/11 00:53:31 - pytest - [INFO] - 结束执行module: cases.test_unlock
2019/02/11 00:53:31 - pytest - [INFO] - 当全部用例执行完：teardown quit driver！
2019/02/11 00:55:33 - pytest - [INFO] - 开始执行module: cases.test_unlock
2019/02/11 00:55:33 - pytest - [INFO] - 执行case: test_01
2019/02/11 00:55:35 - pytest - [INFO] - 定位元素信息：定位方式->xpath, value值->//android.widget.FrameLayout[1]/android.widget.LinearLayout[1]/android.widget.FrameLayout[1]/android.widget.FrameLayout[1]/android.widget.FrameLayout[1]/android.widget.RelativeLayout[1]/android.widget.RelativeLayout[1]/android.view.ViewGroup[1]/android.widget.ImageView[1]
2019/02/11 00:55:35 - pytest - [INFO] - 定位元素信息：定位方式->xpath, value值->//android.widget.FrameLayout[1]/android.widget.LinearLayout[1]/android.widget.FrameLayout[1]/android.widget.FrameLayout[1]/android.widget.FrameLayout[1]/android.widget.RelativeLayout[1]/android.widget.RelativeLayout[1]/android.view.ViewGroup[1]/android.widget.ImageView[4]
2019/02/11 00:55:35 - pytest - [INFO] - 定位元素信息：定位方式->xpath, value值->//android.widget.FrameLayout[1]/android.widget.LinearLayout[1]/android.widget.FrameLayout[1]/android.widget.FrameLayout[1]/android.widget.FrameLayout[1]/android.widget.RelativeLayout[1]/android.widget.RelativeLayout[1]/android.view.ViewGroup[1]/android.widget.ImageView[8]
2019/02/11 00:55:35 - pytest - [INFO] - 定位元素信息：定位方式->xpath, value值->//android.widget.FrameLayout[1]/android.widget.LinearLayout[1]/android.widget.FrameLayout[1]/android.widget.FrameLayout[1]/android.widget.FrameLayout[1]/android.widget.RelativeLayout[1]/android.widget.RelativeLayout[1]/android.view.ViewGroup[1]/android.widget.ImageView[6]
2019/02/11 00:55:35 - pytest - [INFO] - 定位元素信息：定位方式->xpath, value值->//android.widget.FrameLayout[1]/android.widget.LinearLayout[1]/android.widget.FrameLayout[1]/android.widget.FrameLayout[1]/android.widget.FrameLayout[1]/android.widget.RelativeLayout[1]/android.widget.RelativeLayout[1]/android.view.ViewGroup[1]/android.widget.ImageView[3]
2019/02/11 00:55:41 - pytest - [INFO] - 解锁九宫格：[<appium.webdriver.webelement.WebElement (session="7de1aaa5-ad75-4590-9308-9af9b19c1381", element="70d45593-a681-4c43-a96e-78bfe01832b7")>, <appium.webdriver.webelement.WebElement (session="7de1aaa5-ad75-4590-9308-9af9b19c1381", element="92f23b90-1ecd-4d63-9cdd-7477bcf92abb")>, <appium.webdriver.webelement.WebElement (session="7de1aaa5-ad75-4590-9308-9af9b19c1381", element="b323897c-63d5-4a1d-b566-6b7a5f10bbc5")>, <appium.webdriver.webelement.WebElement (session="7de1aaa5-ad75-4590-9308-9af9b19c1381", element="91a1f8c8-0a2f-4b66-8caa-7fc7fa87d379")>, <appium.webdriver.webelement.WebElement (session="7de1aaa5-ad75-4590-9308-9af9b19c1381", element="468701ef-1952-458f-a71d-9e9d7f656215")>]
2019/02/11 00:55:46 - pytest - [INFO] - 结束执行case: test_01
2019/02/11 00:55:46 - pytest - [INFO] - 结束执行module: cases.test_unlock
2019/02/11 00:55:46 - pytest - [INFO] - 当全部用例执行完：teardown quit driver！
2019/02/11 00:57:27 - pytest - [INFO] - 开始执行module: cases.test_unlock
2019/02/11 00:57:27 - pytest - [INFO] - 执行case: test_01
2019/02/11 00:57:29 - pytest - [INFO] - 定位元素信息：定位方式->xpath, value值->//android.widget.FrameLayout[1]/android.widget.LinearLayout[1]/android.widget.FrameLayout[1]/android.widget.FrameLayout[1]/android.widget.FrameLayout[1]/android.widget.RelativeLayout[1]/android.widget.RelativeLayout[1]/android.view.ViewGroup[1]/android.widget.ImageView[1]
2019/02/11 00:57:29 - pytest - [INFO] - 定位元素信息：定位方式->xpath, value值->//android.widget.FrameLayout[1]/android.widget.LinearLayout[1]/android.widget.FrameLayout[1]/android.widget.FrameLayout[1]/android.widget.FrameLayout[1]/android.widget.RelativeLayout[1]/android.widget.RelativeLayout[1]/android.view.ViewGroup[1]/android.widget.ImageView[4]
2019/02/11 00:57:29 - pytest - [INFO] - 定位元素信息：定位方式->xpath, value值->//android.widget.FrameLayout[1]/android.widget.LinearLayout[1]/android.widget.FrameLayout[1]/android.widget.FrameLayout[1]/android.widget.FrameLayout[1]/android.widget.RelativeLayout[1]/android.widget.RelativeLayout[1]/android.view.ViewGroup[1]/android.widget.ImageView[8]
2019/02/11 00:57:29 - pytest - [INFO] - 定位元素信息：定位方式->xpath, value值->//android.widget.FrameLayout[1]/android.widget.LinearLayout[1]/android.widget.FrameLayout[1]/android.widget.FrameLayout[1]/android.widget.FrameLayout[1]/android.widget.RelativeLayout[1]/android.widget.RelativeLayout[1]/android.view.ViewGroup[1]/android.widget.ImageView[6]
2019/02/11 00:57:30 - pytest - [INFO] - 定位元素信息：定位方式->xpath, value值->//android.widget.FrameLayout[1]/android.widget.LinearLayout[1]/android.widget.FrameLayout[1]/android.widget.FrameLayout[1]/android.widget.FrameLayout[1]/android.widget.RelativeLayout[1]/android.widget.RelativeLayout[1]/android.view.ViewGroup[1]/android.widget.ImageView[3]
2019/02/11 00:57:35 - pytest - [INFO] - 解锁九宫格：[<appium.webdriver.webelement.WebElement (session="d2054ff9-47f4-4290-9ce9-548a99efdd78", element="09249bd5-c750-4ae4-8322-ed12fbd72176")>, <appium.webdriver.webelement.WebElement (session="d2054ff9-47f4-4290-9ce9-548a99efdd78", element="5d8ff099-ef0b-4888-a85c-c930bed58fc1")>, <appium.webdriver.webelement.WebElement (session="d2054ff9-47f4-4290-9ce9-548a99efdd78", element="27a546a2-0fc6-498b-a50d-e063983e1b47")>, <appium.webdriver.webelement.WebElement (session="d2054ff9-47f4-4290-9ce9-548a99efdd78", element="b3e605c9-a0ba-47b3-af2a-6fd014e6c6f5")>, <appium.webdriver.webelement.WebElement (session="d2054ff9-47f4-4290-9ce9-548a99efdd78", element="cade0983-a7ca-46d1-bb96-83db16f44e01")>]
2019/02/11 00:57:40 - pytest - [INFO] - 结束执行case: test_01
2019/02/11 00:57:40 - pytest - [INFO] - 结束执行module: cases.test_unlock
2019/02/11 00:57:40 - pytest - [INFO] - 当全部用例执行完：teardown quit driver！
2019/02/11 01:02:26 - pytest - [INFO] - 开始执行module: cases.test_unlock
2019/02/11 01:02:26 - pytest - [INFO] - 执行case: test_01
2019/02/11 01:02:28 - pytest - [INFO] - 定位元素信息：定位方式->xpath, value值->//android.widget.FrameLayout[1]/android.widget.LinearLayout[1]/android.widget.FrameLayout[1]/android.widget.FrameLayout[1]/android.widget.FrameLayout[1]/android.widget.RelativeLayout[1]/android.widget.RelativeLayout[1]/android.view.ViewGroup[1]/android.widget.ImageView[1]
2019/02/11 01:02:28 - pytest - [INFO] - 定位元素信息：定位方式->xpath, value值->//android.widget.FrameLayout[1]/android.widget.LinearLayout[1]/android.widget.FrameLayout[1]/android.widget.FrameLayout[1]/android.widget.FrameLayout[1]/android.widget.RelativeLayout[1]/android.widget.RelativeLayout[1]/android.view.ViewGroup[1]/android.widget.ImageView[4]
2019/02/11 01:02:28 - pytest - [INFO] - 定位元素信息：定位方式->xpath, value值->//android.widget.FrameLayout[1]/android.widget.LinearLayout[1]/android.widget.FrameLayout[1]/android.widget.FrameLayout[1]/android.widget.FrameLayout[1]/android.widget.RelativeLayout[1]/android.widget.RelativeLayout[1]/android.view.ViewGroup[1]/android.widget.ImageView[8]
2019/02/11 01:02:28 - pytest - [INFO] - 定位元素信息：定位方式->xpath, value值->//android.widget.FrameLayout[1]/android.widget.LinearLayout[1]/android.widget.FrameLayout[1]/android.widget.FrameLayout[1]/android.widget.FrameLayout[1]/android.widget.RelativeLayout[1]/android.widget.RelativeLayout[1]/android.view.ViewGroup[1]/android.widget.ImageView[6]
2019/02/11 01:02:28 - pytest - [INFO] - 定位元素信息：定位方式->xpath, value值->//android.widget.FrameLayout[1]/android.widget.LinearLayout[1]/android.widget.FrameLayout[1]/android.widget.FrameLayout[1]/android.widget.FrameLayout[1]/android.widget.RelativeLayout[1]/android.widget.RelativeLayout[1]/android.view.ViewGroup[1]/android.widget.ImageView[3]
2019/02/11 01:02:33 - pytest - [INFO] - 解锁九宫格：[<appium.webdriver.webelement.WebElement (session="d95cd654-0b5e-452d-a214-b9d51c9fb571", element="ae834868-56a7-4ce4-b8db-f66e41786f3c")>, <appium.webdriver.webelement.WebElement (session="d95cd654-0b5e-452d-a214-b9d51c9fb571", element="cfd4bd3b-573b-4de8-b33d-295b3e12d227")>, <appium.webdriver.webelement.WebElement (session="d95cd654-0b5e-452d-a214-b9d51c9fb571", element="2c888a60-042d-42ca-87a7-2e66947a83bd")>, <appium.webdriver.webelement.WebElement (session="d95cd654-0b5e-452d-a214-b9d51c9fb571", element="7f753eb4-8aa8-4a50-aee7-3de961a3ff06")>, <appium.webdriver.webelement.WebElement (session="d95cd654-0b5e-452d-a214-b9d51c9fb571", element="3f763b46-2d2f-402d-a8e1-becb6e914f2c")>]
2019/02/11 01:02:39 - pytest - [INFO] - 结束执行case: test_01
2019/02/11 01:02:39 - pytest - [INFO] - 结束执行module: cases.test_unlock
2019/02/11 01:02:39 - pytest - [INFO] - 当全部用例执行完：teardown quit driver！
2019/02/11 01:04:43 - pytest - [INFO] - 开始执行module: cases.test_unlock
2019/02/11 01:04:43 - pytest - [INFO] - 执行case: test_01
2019/02/11 01:04:45 - pytest - [INFO] - 定位元素信息：定位方式->xpath, value值->//android.widget.FrameLayout[1]/android.widget.LinearLayout[1]/android.widget.FrameLayout[1]/android.widget.FrameLayout[1]/android.widget.FrameLayout[1]/android.widget.RelativeLayout[1]/android.widget.RelativeLayout[1]/android.view.ViewGroup[1]/android.widget.ImageView[1]
2019/02/11 01:04:45 - pytest - [INFO] - 定位元素信息：定位方式->xpath, value值->//android.widget.FrameLayout[1]/android.widget.LinearLayout[1]/android.widget.FrameLayout[1]/android.widget.FrameLayout[1]/android.widget.FrameLayout[1]/android.widget.RelativeLayout[1]/android.widget.RelativeLayout[1]/android.view.ViewGroup[1]/android.widget.ImageView[4]
2019/02/11 01:04:45 - pytest - [INFO] - 定位元素信息：定位方式->xpath, value值->//android.widget.FrameLayout[1]/android.widget.LinearLayout[1]/android.widget.FrameLayout[1]/android.widget.FrameLayout[1]/android.widget.FrameLayout[1]/android.widget.RelativeLayout[1]/android.widget.RelativeLayout[1]/android.view.ViewGroup[1]/android.widget.ImageView[8]
2019/02/11 01:04:45 - pytest - [INFO] - 定位元素信息：定位方式->xpath, value值->//android.widget.FrameLayout[1]/android.widget.LinearLayout[1]/android.widget.FrameLayout[1]/android.widget.FrameLayout[1]/android.widget.FrameLayout[1]/android.widget.RelativeLayout[1]/android.widget.RelativeLayout[1]/android.view.ViewGroup[1]/android.widget.ImageView[6]
2019/02/11 01:04:45 - pytest - [INFO] - 定位元素信息：定位方式->xpath, value值->//android.widget.FrameLayout[1]/android.widget.LinearLayout[1]/android.widget.FrameLayout[1]/android.widget.FrameLayout[1]/android.widget.FrameLayout[1]/android.widget.RelativeLayout[1]/android.widget.RelativeLayout[1]/android.view.ViewGroup[1]/android.widget.ImageView[3]
2019/02/11 01:04:51 - pytest - [INFO] - 解锁九宫格：[<appium.webdriver.webelement.WebElement (session="5024ae93-eb3a-4b88-95fa-970ecdb8edb9", element="433db16d-e291-4a92-93fd-8f8fd3b26129")>, <appium.webdriver.webelement.WebElement (session="5024ae93-eb3a-4b88-95fa-970ecdb8edb9", element="2c878f09-708c-4691-8045-80b1ca19d3e9")>, <appium.webdriver.webelement.WebElement (session="5024ae93-eb3a-4b88-95fa-970ecdb8edb9", element="5cba8090-649f-4204-96b4-ee4949de9f41")>, <appium.webdriver.webelement.WebElement (session="5024ae93-eb3a-4b88-95fa-970ecdb8edb9", element="bb7d3ace-8f38-47ed-99cb-5e8ebe1f6c07")>, <appium.webdriver.webelement.WebElement (session="5024ae93-eb3a-4b88-95fa-970ecdb8edb9", element="352be26f-0ad7-42c4-b8f6-7ef1b6237048")>]
2019/02/11 01:04:57 - pytest - [INFO] - 结束执行case: test_01
2019/02/11 01:04:57 - pytest - [INFO] - 结束执行module: cases.test_unlock
2019/02/11 01:04:57 - pytest - [INFO] - 当全部用例执行完：teardown quit driver！
2019/02/11 14:41:29 - pytest - [INFO] - 开始执行module: cases.test_unlock
2019/02/11 14:41:29 - pytest - [INFO] - 执行case: test_01
2019/02/11 14:41:49 - pytest - [ERROR] - 定位方式报错->xpath, value值->//android.widget.FrameLayout[1]/android.widget.LinearLayout[1]/android.widget.FrameLayout[1]/android.widget.FrameLayout[1]/android.widget.FrameLayout[1]/android.widget.RelativeLayout[1]/android.widget.RelativeLayout[1]/android.view.ViewGroup[1]/android.widget.ImageView[1]
Traceback (most recent call last):
  File "C:\autotest_appium\common\base_appium.py", line 53, in find_element
    element = WebDriverWait(driver, timeout or self.timeout, self.t).until(EC.presence_of_element_located(locator))
  File "c:\python_venv\appium_env\lib\site-packages\selenium\webdriver\support\wait.py", line 80, in until
    raise TimeoutException(message, screen, stacktrace)
selenium.common.exceptions.TimeoutException: Message: 

2019/02/11 14:42:10 - pytest - [ERROR] - 定位方式报错->xpath, value值->//android.widget.FrameLayout[1]/android.widget.LinearLayout[1]/android.widget.FrameLayout[1]/android.widget.FrameLayout[1]/android.widget.FrameLayout[1]/android.widget.RelativeLayout[1]/android.widget.RelativeLayout[1]/android.view.ViewGroup[1]/android.widget.ImageView[4]
Traceback (most recent call last):
  File "C:\autotest_appium\common\base_appium.py", line 53, in find_element
    element = WebDriverWait(driver, timeout or self.timeout, self.t).until(EC.presence_of_element_located(locator))
  File "c:\python_venv\appium_env\lib\site-packages\selenium\webdriver\support\wait.py", line 80, in until
    raise TimeoutException(message, screen, stacktrace)
selenium.common.exceptions.TimeoutException: Message: 

2019/02/11 14:44:36 - pytest - [INFO] - 开始执行module: cases.test_unlock
2019/02/11 14:44:36 - pytest - [INFO] - 执行case: test_01
2019/02/11 14:45:14 - pytest - [INFO] - 开始执行module: cases.test_unlock
2019/02/11 14:45:14 - pytest - [INFO] - 执行case: test_01
2019/02/11 14:45:18 - pytest - [INFO] - 启动App
2019/02/11 14:45:18 - pytest - [INFO] - 启动App
2019/02/11 14:45:22 - pytest - [INFO] - 定位元素信息：定位方式->xpath, value值->//android.widget.FrameLayout[1]/android.widget.LinearLayout[1]/android.widget.FrameLayout[1]/android.widget.FrameLayout[1]/android.widget.FrameLayout[1]/android.widget.RelativeLayout[1]/android.widget.RelativeLayout[1]/android.view.ViewGroup[1]/android.widget.ImageView[1]
2019/02/11 14:45:22 - pytest - [INFO] - 定位元素信息：定位方式->xpath, value值->//android.widget.FrameLayout[1]/android.widget.LinearLayout[1]/android.widget.FrameLayout[1]/android.widget.FrameLayout[1]/android.widget.FrameLayout[1]/android.widget.RelativeLayout[1]/android.widget.RelativeLayout[1]/android.view.ViewGroup[1]/android.widget.ImageView[4]
2019/02/11 14:45:22 - pytest - [INFO] - 定位元素信息：定位方式->xpath, value值->//android.widget.FrameLayout[1]/android.widget.LinearLayout[1]/android.widget.FrameLayout[1]/android.widget.FrameLayout[1]/android.widget.FrameLayout[1]/android.widget.RelativeLayout[1]/android.widget.RelativeLayout[1]/android.view.ViewGroup[1]/android.widget.ImageView[8]
2019/02/11 14:45:22 - pytest - [INFO] - 定位元素信息：定位方式->xpath, value值->//android.widget.FrameLayout[1]/android.widget.LinearLayout[1]/android.widget.FrameLayout[1]/android.widget.FrameLayout[1]/android.widget.FrameLayout[1]/android.widget.RelativeLayout[1]/android.widget.RelativeLayout[1]/android.view.ViewGroup[1]/android.widget.ImageView[6]
2019/02/11 14:45:22 - pytest - [INFO] - 定位元素信息：定位方式->xpath, value值->//android.widget.FrameLayout[1]/android.widget.LinearLayout[1]/android.widget.FrameLayout[1]/android.widget.FrameLayout[1]/android.widget.FrameLayout[1]/android.widget.RelativeLayout[1]/android.widget.RelativeLayout[1]/android.view.ViewGroup[1]/android.widget.ImageView[3]
2019/02/11 14:45:27 - pytest - [INFO] - 解锁九宫格：[<appium.webdriver.webelement.WebElement (session="9d5e88ea-985b-4fd5-aee7-1aa32f7a0756", element="ea8a84fe-c4dd-4cd1-8ad6-445010b27b78")>, <appium.webdriver.webelement.WebElement (session="9d5e88ea-985b-4fd5-aee7-1aa32f7a0756", element="23d98bf5-633d-489a-9c04-b04152142a6b")>, <appium.webdriver.webelement.WebElement (session="9d5e88ea-985b-4fd5-aee7-1aa32f7a0756", element="2d34c605-e762-4505-a9bc-d04ffb07cb2b")>, <appium.webdriver.webelement.WebElement (session="9d5e88ea-985b-4fd5-aee7-1aa32f7a0756", element="dc2f4d88-30e8-4800-bc28-ff56160fc3c9")>, <appium.webdriver.webelement.WebElement (session="9d5e88ea-985b-4fd5-aee7-1aa32f7a0756", element="fab3f6ac-6516-41e3-b0f9-b26edc608e83")>]
2019/02/11 14:45:33 - pytest - [INFO] - 关闭App
2019/02/11 14:45:33 - pytest - [INFO] - 关闭App
2019/02/11 14:45:33 - pytest - [INFO] - 结束执行case: test_01
2019/02/11 14:45:33 - pytest - [INFO] - 结束执行module: cases.test_unlock
2019/02/11 14:45:33 - pytest - [INFO] - 当全部用例执行完：teardown quit driver！
2019/02/11 14:48:15 - pytest - [INFO] - 开始执行module: cases.test_unlock
2019/02/11 14:48:15 - pytest - [INFO] - 执行case: test_01
2019/02/11 14:48:20 - pytest - [INFO] - 启动App
2019/02/11 14:48:20 - pytest - [INFO] - 启动App
2019/02/11 14:48:23 - pytest - [INFO] - 定位元素信息：定位方式->xpath, value值->//android.widget.FrameLayout[1]/android.widget.LinearLayout[1]/android.widget.FrameLayout[1]/android.widget.FrameLayout[1]/android.widget.FrameLayout[1]/android.widget.RelativeLayout[1]/android.widget.RelativeLayout[1]/android.view.ViewGroup[1]/android.widget.ImageView[1]
2019/02/11 14:48:23 - pytest - [INFO] - 定位元素信息：定位方式->xpath, value值->//android.widget.FrameLayout[1]/android.widget.LinearLayout[1]/android.widget.FrameLayout[1]/android.widget.FrameLayout[1]/android.widget.FrameLayout[1]/android.widget.RelativeLayout[1]/android.widget.RelativeLayout[1]/android.view.ViewGroup[1]/android.widget.ImageView[4]
2019/02/11 14:48:23 - pytest - [INFO] - 定位元素信息：定位方式->xpath, value值->//android.widget.FrameLayout[1]/android.widget.LinearLayout[1]/android.widget.FrameLayout[1]/android.widget.FrameLayout[1]/android.widget.FrameLayout[1]/android.widget.RelativeLayout[1]/android.widget.RelativeLayout[1]/android.view.ViewGroup[1]/android.widget.ImageView[8]
2019/02/11 14:48:23 - pytest - [INFO] - 定位元素信息：定位方式->xpath, value值->//android.widget.FrameLayout[1]/android.widget.LinearLayout[1]/android.widget.FrameLayout[1]/android.widget.FrameLayout[1]/android.widget.FrameLayout[1]/android.widget.RelativeLayout[1]/android.widget.RelativeLayout[1]/android.view.ViewGroup[1]/android.widget.ImageView[6]
2019/02/11 14:48:23 - pytest - [INFO] - 定位元素信息：定位方式->xpath, value值->//android.widget.FrameLayout[1]/android.widget.LinearLayout[1]/android.widget.FrameLayout[1]/android.widget.FrameLayout[1]/android.widget.FrameLayout[1]/android.widget.RelativeLayout[1]/android.widget.RelativeLayout[1]/android.view.ViewGroup[1]/android.widget.ImageView[3]
2019/02/11 14:48:28 - pytest - [INFO] - 解锁九宫格：[<appium.webdriver.webelement.WebElement (session="918ffd60-5933-4749-a76c-97d6d9334d15", element="1f9f8167-7fba-4aac-a791-4bffee94a54d")>, <appium.webdriver.webelement.WebElement (session="918ffd60-5933-4749-a76c-97d6d9334d15", element="f0366e1c-e071-418b-9cc4-4f1896b84ea8")>, <appium.webdriver.webelement.WebElement (session="918ffd60-5933-4749-a76c-97d6d9334d15", element="5b0c3f7c-c882-4ecc-848f-ee62b7512bf6")>, <appium.webdriver.webelement.WebElement (session="918ffd60-5933-4749-a76c-97d6d9334d15", element="7b71ab77-6c2f-4320-a0b0-8c2b87c5ab44")>, <appium.webdriver.webelement.WebElement (session="918ffd60-5933-4749-a76c-97d6d9334d15", element="9a4eadac-f5eb-4269-9ca1-6d7310f7c29f")>]
2019/02/11 14:48:34 - pytest - [INFO] - 关闭App
2019/02/11 14:48:34 - pytest - [INFO] - 关闭App
2019/02/11 14:48:34 - pytest - [INFO] - 结束执行case: test_01
2019/02/11 14:48:34 - pytest - [INFO] - 结束执行module: cases.test_unlock
2019/02/11 14:48:34 - pytest - [INFO] - 当全部用例执行完：teardown quit driver！
2019/02/11 14:50:24 - pytest - [INFO] - 开始执行module: cases.test_unlock
2019/02/11 14:50:24 - pytest - [INFO] - 执行case: test_01
2019/02/11 14:50:29 - pytest - [INFO] - 启动App
2019/02/11 14:50:32 - pytest - [INFO] - 定位元素信息：定位方式->xpath, value值->//android.widget.FrameLayout[1]/android.widget.LinearLayout[1]/android.widget.FrameLayout[1]/android.widget.FrameLayout[1]/android.widget.FrameLayout[1]/android.widget.RelativeLayout[1]/android.widget.RelativeLayout[1]/android.view.ViewGroup[1]/android.widget.ImageView[1]
2019/02/11 14:50:32 - pytest - [INFO] - 定位元素信息：定位方式->xpath, value值->//android.widget.FrameLayout[1]/android.widget.LinearLayout[1]/android.widget.FrameLayout[1]/android.widget.FrameLayout[1]/android.widget.FrameLayout[1]/android.widget.RelativeLayout[1]/android.widget.RelativeLayout[1]/android.view.ViewGroup[1]/android.widget.ImageView[4]
2019/02/11 14:50:32 - pytest - [INFO] - 定位元素信息：定位方式->xpath, value值->//android.widget.FrameLayout[1]/android.widget.LinearLayout[1]/android.widget.FrameLayout[1]/android.widget.FrameLayout[1]/android.widget.FrameLayout[1]/android.widget.RelativeLayout[1]/android.widget.RelativeLayout[1]/android.view.ViewGroup[1]/android.widget.ImageView[8]
2019/02/11 14:50:32 - pytest - [INFO] - 定位元素信息：定位方式->xpath, value值->//android.widget.FrameLayout[1]/android.widget.LinearLayout[1]/android.widget.FrameLayout[1]/android.widget.FrameLayout[1]/android.widget.FrameLayout[1]/android.widget.RelativeLayout[1]/android.widget.RelativeLayout[1]/android.view.ViewGroup[1]/android.widget.ImageView[6]
2019/02/11 14:50:32 - pytest - [INFO] - 定位元素信息：定位方式->xpath, value值->//android.widget.FrameLayout[1]/android.widget.LinearLayout[1]/android.widget.FrameLayout[1]/android.widget.FrameLayout[1]/android.widget.FrameLayout[1]/android.widget.RelativeLayout[1]/android.widget.RelativeLayout[1]/android.view.ViewGroup[1]/android.widget.ImageView[3]
2019/02/11 14:50:37 - pytest - [INFO] - 解锁九宫格：[<appium.webdriver.webelement.WebElement (session="da3de74e-2612-4847-9b5b-1ea65bb4c0bf", element="1c374793-84ef-4066-af66-bd95183169ce")>, <appium.webdriver.webelement.WebElement (session="da3de74e-2612-4847-9b5b-1ea65bb4c0bf", element="5515ebd6-66cc-4c10-a0d1-cc1b508aa3bb")>, <appium.webdriver.webelement.WebElement (session="da3de74e-2612-4847-9b5b-1ea65bb4c0bf", element="1c469074-6578-42e0-bc7e-e7ba99168e51")>, <appium.webdriver.webelement.WebElement (session="da3de74e-2612-4847-9b5b-1ea65bb4c0bf", element="6cd1a1f4-605f-4851-a5e9-9d8b9d98dbf0")>, <appium.webdriver.webelement.WebElement (session="da3de74e-2612-4847-9b5b-1ea65bb4c0bf", element="621391e6-9b68-4bdc-9aee-9c2c71cf830f")>]
2019/02/11 14:50:44 - pytest - [INFO] - 关闭App
2019/02/11 14:50:44 - pytest - [INFO] - 结束执行case: test_01
2019/02/11 14:50:44 - pytest - [INFO] - 结束执行module: cases.test_unlock
2019/02/11 14:50:44 - pytest - [INFO] - 当全部用例执行完：teardown quit driver！
2019/02/11 14:52:41 - pytest - [INFO] - 开始执行module: cases.test_unlock
2019/02/11 14:52:41 - pytest - [INFO] - 执行case: test_01
2019/02/11 14:52:46 - pytest - [INFO] - 启动App
2019/02/11 14:52:49 - pytest - [INFO] - 定位元素信息：定位方式->xpath, value值->//android.widget.FrameLayout[1]/android.widget.LinearLayout[1]/android.widget.FrameLayout[1]/android.widget.FrameLayout[1]/android.widget.FrameLayout[1]/android.widget.RelativeLayout[1]/android.widget.RelativeLayout[1]/android.view.ViewGroup[1]/android.widget.ImageView[1]
2019/02/11 14:52:49 - pytest - [INFO] - 定位元素信息：定位方式->xpath, value值->//android.widget.FrameLayout[1]/android.widget.LinearLayout[1]/android.widget.FrameLayout[1]/android.widget.FrameLayout[1]/android.widget.FrameLayout[1]/android.widget.RelativeLayout[1]/android.widget.RelativeLayout[1]/android.view.ViewGroup[1]/android.widget.ImageView[4]
2019/02/11 14:52:49 - pytest - [INFO] - 定位元素信息：定位方式->xpath, value值->//android.widget.FrameLayout[1]/android.widget.LinearLayout[1]/android.widget.FrameLayout[1]/android.widget.FrameLayout[1]/android.widget.FrameLayout[1]/android.widget.RelativeLayout[1]/android.widget.RelativeLayout[1]/android.view.ViewGroup[1]/android.widget.ImageView[8]
2019/02/11 14:52:49 - pytest - [INFO] - 定位元素信息：定位方式->xpath, value值->//android.widget.FrameLayout[1]/android.widget.LinearLayout[1]/android.widget.FrameLayout[1]/android.widget.FrameLayout[1]/android.widget.FrameLayout[1]/android.widget.RelativeLayout[1]/android.widget.RelativeLayout[1]/android.view.ViewGroup[1]/android.widget.ImageView[6]
2019/02/11 14:52:49 - pytest - [INFO] - 定位元素信息：定位方式->xpath, value值->//android.widget.FrameLayout[1]/android.widget.LinearLayout[1]/android.widget.FrameLayout[1]/android.widget.FrameLayout[1]/android.widget.FrameLayout[1]/android.widget.RelativeLayout[1]/android.widget.RelativeLayout[1]/android.view.ViewGroup[1]/android.widget.ImageView[3]
2019/02/11 14:52:55 - pytest - [INFO] - 解锁九宫格：[<appium.webdriver.webelement.WebElement (session="822438b1-cf7d-41b5-81e0-262b53db4569", element="9769453e-34b1-4117-9647-d0fb0e190ad0")>, <appium.webdriver.webelement.WebElement (session="822438b1-cf7d-41b5-81e0-262b53db4569", element="a7b76c36-1d23-4a03-bbc8-fcbcb1ec2d9e")>, <appium.webdriver.webelement.WebElement (session="822438b1-cf7d-41b5-81e0-262b53db4569", element="4f8dfe18-b727-4139-af79-a0bf3a92e2c0")>, <appium.webdriver.webelement.WebElement (session="822438b1-cf7d-41b5-81e0-262b53db4569", element="80b66cd2-4ed9-467d-9935-97b3c7b0bb76")>, <appium.webdriver.webelement.WebElement (session="822438b1-cf7d-41b5-81e0-262b53db4569", element="775a584e-79f7-4741-8384-7154fe8001f2")>]
2019/02/11 14:53:01 - pytest - [INFO] - 关闭App
2019/02/11 14:53:01 - pytest - [INFO] - 结束执行case: test_01
2019/02/11 14:53:01 - pytest - [INFO] - 结束执行module: cases.test_unlock
2019/02/11 14:53:01 - pytest - [INFO] - 当全部用例执行完：teardown quit driver！

2019/02/11 14:57:21 - pytest - [INFO] - 开始执行module: cases.test_unlock
2019/02/11 14:57:21 - pytest - [INFO] - 执行case: test_01
2019/02/11 14:57:26 - pytest - [INFO] - 启动App
2019/02/11 14:57:28 - pytest - [INFO] - 定位元素信息：定位方式->xpath, value值->//android.widget.FrameLayout[1]/android.widget.LinearLayout[1]/android.widget.FrameLayout[1]/android.widget.FrameLayout[1]/android.widget.FrameLayout[1]/android.widget.RelativeLayout[1]/android.widget.RelativeLayout[1]/android.view.ViewGroup[1]/android.widget.ImageView[1]
2019/02/11 14:57:29 - pytest - [INFO] - 定位元素信息：定位方式->xpath, value值->//android.widget.FrameLayout[1]/android.widget.LinearLayout[1]/android.widget.FrameLayout[1]/android.widget.FrameLayout[1]/android.widget.FrameLayout[1]/android.widget.RelativeLayout[1]/android.widget.RelativeLayout[1]/android.view.ViewGroup[1]/android.widget.ImageView[4]
2019/02/11 14:57:29 - pytest - [INFO] - 定位元素信息：定位方式->xpath, value值->//android.widget.FrameLayout[1]/android.widget.LinearLayout[1]/android.widget.FrameLayout[1]/android.widget.FrameLayout[1]/android.widget.FrameLayout[1]/android.widget.RelativeLayout[1]/android.widget.RelativeLayout[1]/android.view.ViewGroup[1]/android.widget.ImageView[8]
2019/02/11 14:57:29 - pytest - [INFO] - 定位元素信息：定位方式->xpath, value值->//android.widget.FrameLayout[1]/android.widget.LinearLayout[1]/android.widget.FrameLayout[1]/android.widget.FrameLayout[1]/android.widget.FrameLayout[1]/android.widget.RelativeLayout[1]/android.widget.RelativeLayout[1]/android.view.ViewGroup[1]/android.widget.ImageView[6]
2019/02/11 14:57:29 - pytest - [INFO] - 定位元素信息：定位方式->xpath, value值->//android.widget.FrameLayout[1]/android.widget.LinearLayout[1]/android.widget.FrameLayout[1]/android.widget.FrameLayout[1]/android.widget.FrameLayout[1]/android.widget.RelativeLayout[1]/android.widget.RelativeLayout[1]/android.view.ViewGroup[1]/android.widget.ImageView[3]
2019/02/11 14:57:35 - pytest - [INFO] - 解锁九宫格：[<appium.webdriver.webelement.WebElement (session="b3c71a3b-42ad-4dd0-b3cb-d3e12fc348e2", element="8e99942b-f047-457b-89b1-b3d1e125dbe6")>, <appium.webdriver.webelement.WebElement (session="b3c71a3b-42ad-4dd0-b3cb-d3e12fc348e2", element="97f5c03b-d8af-4047-affc-d600701a75cf")>, <appium.webdriver.webelement.WebElement (session="b3c71a3b-42ad-4dd0-b3cb-d3e12fc348e2", element="b37e8dc6-ce37-47f9-9a68-bd9b903a328c")>, <appium.webdriver.webelement.WebElement (session="b3c71a3b-42ad-4dd0-b3cb-d3e12fc348e2", element="8ecdf6fa-25de-44c9-b8a9-8090eccbc7ea")>, <appium.webdriver.webelement.WebElement (session="b3c71a3b-42ad-4dd0-b3cb-d3e12fc348e2", element="73ffaea3-487e-4dce-8148-eb83f41bd12c")>]
2019/02/11 14:57:41 - pytest - [INFO] - 关闭App
2019/02/11 14:57:41 - pytest - [INFO] - 结束执行case: test_01
2019/02/11 14:57:41 - pytest - [INFO] - 结束执行module: cases.test_unlock
2019/02/11 14:57:41 - pytest - [INFO] - 当全部用例执行完：teardown quit driver！
2019/02/11 15:02:51 - pytest - [INFO] - 开始执行module: cases.test_unlock
2019/02/11 15:02:51 - pytest - [INFO] - 执行case: test_01
2019/02/11 15:02:55 - pytest - [INFO] - 启动App
2019/02/11 15:02:58 - pytest - [INFO] - 定位元素信息：定位方式->xpath, value值->//android.widget.FrameLayout[1]/android.widget.LinearLayout[1]/android.widget.FrameLayout[1]/android.widget.FrameLayout[1]/android.widget.FrameLayout[1]/android.widget.RelativeLayout[1]/android.widget.RelativeLayout[1]/android.view.ViewGroup[1]/android.widget.ImageView[1]
2019/02/11 15:02:58 - pytest - [INFO] - 定位元素信息：定位方式->xpath, value值->//android.widget.FrameLayout[1]/android.widget.LinearLayout[1]/android.widget.FrameLayout[1]/android.widget.FrameLayout[1]/android.widget.FrameLayout[1]/android.widget.RelativeLayout[1]/android.widget.RelativeLayout[1]/android.view.ViewGroup[1]/android.widget.ImageView[4]
2019/02/11 15:02:58 - pytest - [INFO] - 定位元素信息：定位方式->xpath, value值->//android.widget.FrameLayout[1]/android.widget.LinearLayout[1]/android.widget.FrameLayout[1]/android.widget.FrameLayout[1]/android.widget.FrameLayout[1]/android.widget.RelativeLayout[1]/android.widget.RelativeLayout[1]/android.view.ViewGroup[1]/android.widget.ImageView[8]
2019/02/11 15:02:58 - pytest - [INFO] - 定位元素信息：定位方式->xpath, value值->//android.widget.FrameLayout[1]/android.widget.LinearLayout[1]/android.widget.FrameLayout[1]/android.widget.FrameLayout[1]/android.widget.FrameLayout[1]/android.widget.RelativeLayout[1]/android.widget.RelativeLayout[1]/android.view.ViewGroup[1]/android.widget.ImageView[6]
2019/02/11 15:02:58 - pytest - [INFO] - 定位元素信息：定位方式->xpath, value值->//android.widget.FrameLayout[1]/android.widget.LinearLayout[1]/android.widget.FrameLayout[1]/android.widget.FrameLayout[1]/android.widget.FrameLayout[1]/android.widget.RelativeLayout[1]/android.widget.RelativeLayout[1]/android.view.ViewGroup[1]/android.widget.ImageView[3]
2019/02/11 15:03:03 - pytest - [INFO] - 解锁九宫格：[<appium.webdriver.webelement.WebElement (session="8ca68848-9383-4d36-bc33-fa2bafaf79cc", element="c20ca10c-7b38-45fa-9c91-0296e01826e1")>, <appium.webdriver.webelement.WebElement (session="8ca68848-9383-4d36-bc33-fa2bafaf79cc", element="6faba38b-755b-4a88-a0c8-207053770c83")>, <appium.webdriver.webelement.WebElement (session="8ca68848-9383-4d36-bc33-fa2bafaf79cc", element="038f402e-d54d-46af-9587-6dd3523fa55f")>, <appium.webdriver.webelement.WebElement (session="8ca68848-9383-4d36-bc33-fa2bafaf79cc", element="114ddd45-7b1c-47ef-bcf5-9fba60a1ba2b")>, <appium.webdriver.webelement.WebElement (session="8ca68848-9383-4d36-bc33-fa2bafaf79cc", element="aa3c8721-7d93-422a-87b8-08e06585284f")>]
2019/02/11 15:03:10 - pytest - [INFO] - 关闭App
2019/02/11 15:03:10 - pytest - [INFO] - 结束执行case: test_01
2019/02/11 15:03:10 - pytest - [INFO] - 结束执行module: cases.test_unlock
2019/02/11 15:03:10 - pytest - [INFO] - 当全部用例执行完：teardown quit driver！
2019/02/11 15:14:56 - pytest - [INFO] - 开始执行module: cases.test_unlock
2019/02/11 15:14:56 - pytest - [INFO] - 执行case: test_01
2019/02/11 15:15:01 - pytest - [INFO] - 启动App
2019/02/11 15:15:03 - pytest - [INFO] - 定位元素信息：定位方式->xpath, value值->//android.widget.FrameLayout[1]/android.widget.LinearLayout[1]/android.widget.FrameLayout[1]/android.widget.FrameLayout[1]/android.widget.FrameLayout[1]/android.widget.RelativeLayout[1]/android.widget.RelativeLayout[1]/android.view.ViewGroup[1]/android.widget.ImageView[1]
2019/02/11 15:15:03 - pytest - [INFO] - 定位元素信息：定位方式->xpath, value值->//android.widget.FrameLayout[1]/android.widget.LinearLayout[1]/android.widget.FrameLayout[1]/android.widget.FrameLayout[1]/android.widget.FrameLayout[1]/android.widget.RelativeLayout[1]/android.widget.RelativeLayout[1]/android.view.ViewGroup[1]/android.widget.ImageView[4]
2019/02/11 15:15:03 - pytest - [INFO] - 定位元素信息：定位方式->xpath, value值->//android.widget.FrameLayout[1]/android.widget.LinearLayout[1]/android.widget.FrameLayout[1]/android.widget.FrameLayout[1]/android.widget.FrameLayout[1]/android.widget.RelativeLayout[1]/android.widget.RelativeLayout[1]/android.view.ViewGroup[1]/android.widget.ImageView[8]
2019/02/11 15:15:03 - pytest - [INFO] - 定位元素信息：定位方式->xpath, value值->//android.widget.FrameLayout[1]/android.widget.LinearLayout[1]/android.widget.FrameLayout[1]/android.widget.FrameLayout[1]/android.widget.FrameLayout[1]/android.widget.RelativeLayout[1]/android.widget.RelativeLayout[1]/android.view.ViewGroup[1]/android.widget.ImageView[6]
2019/02/11 15:15:03 - pytest - [INFO] - 定位元素信息：定位方式->xpath, value值->//android.widget.FrameLayout[1]/android.widget.LinearLayout[1]/android.widget.FrameLayout[1]/android.widget.FrameLayout[1]/android.widget.FrameLayout[1]/android.widget.RelativeLayout[1]/android.widget.RelativeLayout[1]/android.view.ViewGroup[1]/android.widget.ImageView[3]
2019/02/11 15:15:09 - pytest - [INFO] - 解锁九宫格：[<appium.webdriver.webelement.WebElement (session="5e548bd1-aebd-45c6-922f-30cf1df56544", element="281cc33f-2192-47fb-a5fc-ac5b438bfcbe")>, <appium.webdriver.webelement.WebElement (session="5e548bd1-aebd-45c6-922f-30cf1df56544", element="73e4ea9e-7976-4b74-b493-d8d64d02ec61")>, <appium.webdriver.webelement.WebElement (session="5e548bd1-aebd-45c6-922f-30cf1df56544", element="99d74a44-f589-43d7-bd35-6c8d39c398fd")>, <appium.webdriver.webelement.WebElement (session="5e548bd1-aebd-45c6-922f-30cf1df56544", element="2299bcf9-46b8-4115-9ec0-2b338dbd7776")>, <appium.webdriver.webelement.WebElement (session="5e548bd1-aebd-45c6-922f-30cf1df56544", element="c74f3dac-5c9a-49d6-96e7-ad1976693ace")>]
2019/02/11 15:15:15 - pytest - [INFO] - 关闭App
2019/02/11 15:15:15 - pytest - [INFO] - 结束执行case: test_01
2019/02/11 15:15:15 - pytest - [INFO] - 结束执行module: cases.test_unlock
2019/02/11 15:15:15 - pytest - [INFO] - 当全部用例执行完：teardown quit driver！
2019/02/11 15:22:03 - pytest - [INFO] - 开始执行module: cases.test_unlock
2019/02/11 15:22:03 - pytest - [INFO] - 执行case: test_01
2019/02/11 15:22:08 - pytest - [INFO] - 启动App
2019/02/11 15:22:11 - pytest - [INFO] - 定位元素信息：定位方式->xpath, value值->//android.widget.FrameLayout[1]/android.widget.LinearLayout[1]/android.widget.FrameLayout[1]/android.widget.FrameLayout[1]/android.widget.FrameLayout[1]/android.widget.RelativeLayout[1]/android.widget.RelativeLayout[1]/android.view.ViewGroup[1]/android.widget.ImageView[1]
2019/02/11 15:22:11 - pytest - [INFO] - 定位元素信息：定位方式->xpath, value值->//android.widget.FrameLayout[1]/android.widget.LinearLayout[1]/android.widget.FrameLayout[1]/android.widget.FrameLayout[1]/android.widget.FrameLayout[1]/android.widget.RelativeLayout[1]/android.widget.RelativeLayout[1]/android.view.ViewGroup[1]/android.widget.ImageView[4]
2019/02/11 15:22:11 - pytest - [INFO] - 定位元素信息：定位方式->xpath, value值->//android.widget.FrameLayout[1]/android.widget.LinearLayout[1]/android.widget.FrameLayout[1]/android.widget.FrameLayout[1]/android.widget.FrameLayout[1]/android.widget.RelativeLayout[1]/android.widget.RelativeLayout[1]/android.view.ViewGroup[1]/android.widget.ImageView[8]
2019/02/11 15:22:11 - pytest - [INFO] - 定位元素信息：定位方式->xpath, value值->//android.widget.FrameLayout[1]/android.widget.LinearLayout[1]/android.widget.FrameLayout[1]/android.widget.FrameLayout[1]/android.widget.FrameLayout[1]/android.widget.RelativeLayout[1]/android.widget.RelativeLayout[1]/android.view.ViewGroup[1]/android.widget.ImageView[6]
2019/02/11 15:22:11 - pytest - [INFO] - 定位元素信息：定位方式->xpath, value值->//android.widget.FrameLayout[1]/android.widget.LinearLayout[1]/android.widget.FrameLayout[1]/android.widget.FrameLayout[1]/android.widget.FrameLayout[1]/android.widget.RelativeLayout[1]/android.widget.RelativeLayout[1]/android.view.ViewGroup[1]/android.widget.ImageView[3]
2019/02/11 15:22:17 - pytest - [INFO] - 解锁九宫格：[<appium.webdriver.webelement.WebElement (session="e196346a-ebab-4d57-9a7f-e212fef1650f", element="001cdf6a-d560-46e0-aa46-925cdefe179f")>, <appium.webdriver.webelement.WebElement (session="e196346a-ebab-4d57-9a7f-e212fef1650f", element="71af9afb-7bb8-4e9c-952d-8b4be4b39c8e")>, <appium.webdriver.webelement.WebElement (session="e196346a-ebab-4d57-9a7f-e212fef1650f", element="c18ca31f-1b8b-4fc8-bfab-11f0087c4704")>, <appium.webdriver.webelement.WebElement (session="e196346a-ebab-4d57-9a7f-e212fef1650f", element="008ca8a9-9ea0-4aad-a8a8-b1b1554e916a")>, <appium.webdriver.webelement.WebElement (session="e196346a-ebab-4d57-9a7f-e212fef1650f", element="9aabe229-1049-47be-a91f-033831a3877a")>]
2019/02/11 15:22:23 - pytest - [INFO] - 关闭App
2019/02/11 15:22:23 - pytest - [INFO] - 结束执行case: test_01
2019/02/11 15:22:23 - pytest - [INFO] - 结束执行module: cases.test_unlock
2019/02/11 15:22:23 - pytest - [INFO] - 当全部用例执行完：teardown quit driver！
